{"C:\\Users\\ADMI\\Desktop\\microverse\\to-do-lst\\toDoList\\src\\add.js": {"path":"C:\\Users\\ADMI\\Desktop\\microverse\\to-do-lst\\toDoList\\src\\add.js","statementMap":{"0":{"start":{"line":1,"column":16},"end":{"line":28,"column":1}},"1":{"start":{"line":2,"column":20},"end":{"line":2,"column":70}},"2":{"start":{"line":3,"column":27},"end":{"line":3,"column":32}},"3":{"start":{"line":4,"column":20},"end":{"line":4,"column":40}},"4":{"start":{"line":5,"column":15},"end":{"line":5,"column":94}},"5":{"start":{"line":6,"column":2},"end":{"line":6,"column":23}},"6":{"start":{"line":7,"column":2},"end":{"line":7,"column":62}},"7":{"start":{"line":8,"column":19},"end":{"line":8,"column":47}},"8":{"start":{"line":9,"column":2},"end":{"line":9,"column":35}},"9":{"start":{"line":10,"column":2},"end":{"line":24,"column":26}},"10":{"start":{"line":25,"column":2},"end":{"line":25,"column":27}},"11":{"start":{"line":26,"column":15},"end":{"line":26,"column":53}},"12":{"start":{"line":27,"column":2},"end":{"line":27,"column":29}}},"fnMap":{"0":{"name":"(anonymous_0)","decl":{"start":{"line":1,"column":16},"end":{"line":1,"column":17}},"loc":{"start":{"line":1,"column":37},"end":{"line":28,"column":1}},"line":1}},"branchMap":{"0":{"loc":{"start":{"line":2,"column":20},"end":{"line":2,"column":70}},"type":"binary-expr","locations":[{"start":{"line":2,"column":20},"end":{"line":2,"column":64}},{"start":{"line":2,"column":68},"end":{"line":2,"column":70}}],"line":2}},"s":{"0":1,"1":17,"2":17,"3":17,"4":17,"5":17,"6":17,"7":17,"8":17,"9":17,"10":17,"11":17,"12":17},"f":{"0":17},"b":{"0":[17,0]},"_coverageSchema":"1a1c01bbd47fc00a2c39e90264f33305004495a9","hash":"0ae9adfdd237f4d1e5b76e4ab34f280de63b1476"}
,"C:\\Users\\ADMI\\Desktop\\microverse\\to-do-lst\\toDoList\\src\\clearAll.js": {"path":"C:\\Users\\ADMI\\Desktop\\microverse\\to-do-lst\\toDoList\\src\\clearAll.js","statementMap":{"0":{"start":{"line":1,"column":24},"end":{"line":8,"column":1}},"1":{"start":{"line":2,"column":21},"end":{"line":2,"column":65}},"2":{"start":{"line":3,"column":19},"end":{"line":3,"column":69}},"3":{"start":{"line":3,"column":46},"end":{"line":3,"column":68}},"4":{"start":{"line":4,"column":2},"end":{"line":6,"column":3}},"5":{"start":{"line":4,"column":15},"end":{"line":4,"column":16}},"6":{"start":{"line":5,"column":4},"end":{"line":5,"column":30}},"7":{"start":{"line":7,"column":2},"end":{"line":7,"column":61}}},"fnMap":{"0":{"name":"(anonymous_0)","decl":{"start":{"line":1,"column":24},"end":{"line":1,"column":25}},"loc":{"start":{"line":1,"column":30},"end":{"line":8,"column":1}},"line":1},"1":{"name":"(anonymous_1)","decl":{"start":{"line":3,"column":37},"end":{"line":3,"column":38}},"loc":{"start":{"line":3,"column":46},"end":{"line":3,"column":68}},"line":3}},"branchMap":{},"s":{"0":1,"1":1,"2":1,"3":3,"4":1,"5":1,"6":1,"7":1},"f":{"0":1,"1":3},"b":{},"_coverageSchema":"1a1c01bbd47fc00a2c39e90264f33305004495a9","hash":"0b3ff027707dcabae4974313aa0180c58db153e8"}
,"C:\\Users\\ADMI\\Desktop\\microverse\\to-do-lst\\toDoList\\src\\edit.js": {"path":"C:\\Users\\ADMI\\Desktop\\microverse\\to-do-lst\\toDoList\\src\\edit.js","statementMap":{"0":{"start":{"line":1,"column":26},"end":{"line":9,"column":1}},"1":{"start":{"line":2,"column":20},"end":{"line":2,"column":70}},"2":{"start":{"line":3,"column":23},"end":{"line":3,"column":50}},"3":{"start":{"line":4,"column":23},"end":{"line":4,"column":63}},"4":{"start":{"line":5,"column":2},"end":{"line":5,"column":45}},"5":{"start":{"line":6,"column":23},"end":{"line":6,"column":29}},"6":{"start":{"line":7,"column":2},"end":{"line":7,"column":63}},"7":{"start":{"line":8,"column":2},"end":{"line":8,"column":62}}},"fnMap":{"0":{"name":"(anonymous_0)","decl":{"start":{"line":1,"column":26},"end":{"line":1,"column":27}},"loc":{"start":{"line":1,"column":53},"end":{"line":9,"column":1}},"line":1}},"branchMap":{"0":{"loc":{"start":{"line":2,"column":20},"end":{"line":2,"column":70}},"type":"binary-expr","locations":[{"start":{"line":2,"column":20},"end":{"line":2,"column":64}},{"start":{"line":2,"column":68},"end":{"line":2,"column":70}}],"line":2}},"s":{"0":1,"1":1,"2":1,"3":1,"4":1,"5":1,"6":1,"7":1},"f":{"0":1},"b":{"0":[1,0]},"_coverageSchema":"1a1c01bbd47fc00a2c39e90264f33305004495a9","hash":"01003f16ef5a2c1f4f7eee9885bdbea5f5601fc0"}
,"C:\\Users\\ADMI\\Desktop\\microverse\\to-do-lst\\toDoList\\src\\remove.js": {"path":"C:\\Users\\ADMI\\Desktop\\microverse\\to-do-lst\\toDoList\\src\\remove.js","statementMap":{"0":{"start":{"line":1,"column":15},"end":{"line":13,"column":1}},"1":{"start":{"line":2,"column":20},"end":{"line":2,"column":70}},"2":{"start":{"line":3,"column":20},"end":{"line":3,"column":42}},"3":{"start":{"line":4,"column":18},"end":{"line":4,"column":52}},"4":{"start":{"line":5,"column":2},"end":{"line":5,"column":19}},"5":{"start":{"line":6,"column":2},"end":{"line":6,"column":29}},"6":{"start":{"line":7,"column":22},"end":{"line":7,"column":56}},"7":{"start":{"line":8,"column":2},"end":{"line":11,"column":3}},"8":{"start":{"line":8,"column":15},"end":{"line":8,"column":20}},"9":{"start":{"line":9,"column":4},"end":{"line":9,"column":28}},"10":{"start":{"line":10,"column":4},"end":{"line":10,"column":43}},"11":{"start":{"line":12,"column":2},"end":{"line":12,"column":62}}},"fnMap":{"0":{"name":"(anonymous_0)","decl":{"start":{"line":1,"column":15},"end":{"line":1,"column":16}},"loc":{"start":{"line":1,"column":26},"end":{"line":13,"column":1}},"line":1}},"branchMap":{"0":{"loc":{"start":{"line":2,"column":20},"end":{"line":2,"column":70}},"type":"binary-expr","locations":[{"start":{"line":2,"column":20},"end":{"line":2,"column":64}},{"start":{"line":2,"column":68},"end":{"line":2,"column":70}}],"line":2}},"s":{"0":1,"1":1,"2":1,"3":1,"4":1,"5":1,"6":1,"7":1,"8":1,"9":0,"10":0,"11":1},"f":{"0":1},"b":{"0":[1,0]},"_coverageSchema":"1a1c01bbd47fc00a2c39e90264f33305004495a9","hash":"9dbe3a55c24c5de1d443b9c6188a910cbe0eb769"}
,"C:\\Users\\ADMI\\Desktop\\microverse\\to-do-lst\\toDoList\\src\\updateStatus.js": {"path":"C:\\Users\\ADMI\\Desktop\\microverse\\to-do-lst\\toDoList\\src\\updateStatus.js","statementMap":{"0":{"start":{"line":1,"column":21},"end":{"line":5,"column":1}},"1":{"start":{"line":2,"column":20},"end":{"line":2,"column":70}},"2":{"start":{"line":3,"column":2},"end":{"line":3,"column":53}},"3":{"start":{"line":4,"column":2},"end":{"line":4,"column":62}}},"fnMap":{"0":{"name":"(anonymous_0)","decl":{"start":{"line":1,"column":21},"end":{"line":1,"column":22}},"loc":{"start":{"line":1,"column":29},"end":{"line":5,"column":1}},"line":1}},"branchMap":{"0":{"loc":{"start":{"line":2,"column":20},"end":{"line":2,"column":70}},"type":"binary-expr","locations":[{"start":{"line":2,"column":20},"end":{"line":2,"column":64}},{"start":{"line":2,"column":68},"end":{"line":2,"column":70}}],"line":2}},"s":{"0":1,"1":3,"2":3,"3":3},"f":{"0":3},"b":{"0":[3,0]},"_coverageSchema":"1a1c01bbd47fc00a2c39e90264f33305004495a9","hash":"4114eb4ef3a15d9cfba66edc816456561873dc52"}
}
