{"C:\\Users\\ADMI\\Desktop\\microverse\\to-do-lst\\toDoList\\src\\add.js": {"path":"C:\\Users\\ADMI\\Desktop\\microverse\\to-do-lst\\toDoList\\src\\add.js","statementMap":{"0":{"start":{"line":1,"column":16},"end":{"line":28,"column":1}},"1":{"start":{"line":2,"column":20},"end":{"line":2,"column":70}},"2":{"start":{"line":3,"column":25},"end":{"line":3,"column":30}},"3":{"start":{"line":4,"column":18},"end":{"line":4,"column":38}},"4":{"start":{"line":5,"column":15},"end":{"line":5,"column":92}},"5":{"start":{"line":6,"column":2},"end":{"line":6,"column":23}},"6":{"start":{"line":7,"column":2},"end":{"line":7,"column":62}},"7":{"start":{"line":8,"column":19},"end":{"line":8,"column":47}},"8":{"start":{"line":9,"column":2},"end":{"line":9,"column":35}},"9":{"start":{"line":10,"column":2},"end":{"line":24,"column":26}},"10":{"start":{"line":25,"column":2},"end":{"line":25,"column":27}},"11":{"start":{"line":26,"column":15},"end":{"line":26,"column":53}},"12":{"start":{"line":27,"column":2},"end":{"line":27,"column":29}}},"fnMap":{"0":{"name":"(anonymous_0)","decl":{"start":{"line":1,"column":16},"end":{"line":1,"column":17}},"loc":{"start":{"line":1,"column":37},"end":{"line":28,"column":1}},"line":1}},"branchMap":{"0":{"loc":{"start":{"line":2,"column":20},"end":{"line":2,"column":70}},"type":"binary-expr","locations":[{"start":{"line":2,"column":20},"end":{"line":2,"column":64}},{"start":{"line":2,"column":68},"end":{"line":2,"column":70}}],"line":2}},"s":{"0":1,"1":5,"2":5,"3":5,"4":5,"5":5,"6":5,"7":5,"8":5,"9":5,"10":5,"11":5,"12":5},"f":{"0":5},"b":{"0":[5,0]},"_coverageSchema":"1a1c01bbd47fc00a2c39e90264f33305004495a9","hash":"c9a20b36bc303a6672cd929e1a3448da0b92a5a3"}
,"C:\\Users\\ADMI\\Desktop\\microverse\\to-do-lst\\toDoList\\src\\remove.js": {"path":"C:\\Users\\ADMI\\Desktop\\microverse\\to-do-lst\\toDoList\\src\\remove.js","statementMap":{"0":{"start":{"line":1,"column":15},"end":{"line":16,"column":1}},"1":{"start":{"line":2,"column":2},"end":{"line":2,"column":21}},"2":{"start":{"line":3,"column":20},"end":{"line":3,"column":70}},"3":{"start":{"line":4,"column":22},"end":{"line":4,"column":38}},"4":{"start":{"line":5,"column":18},"end":{"line":5,"column":40}},"5":{"start":{"line":6,"column":16},"end":{"line":6,"column":50}},"6":{"start":{"line":7,"column":2},"end":{"line":7,"column":19}},"7":{"start":{"line":8,"column":2},"end":{"line":8,"column":29}},"8":{"start":{"line":9,"column":22},"end":{"line":9,"column":56}},"9":{"start":{"line":10,"column":4},"end":{"line":14,"column":5}},"10":{"start":{"line":10,"column":17},"end":{"line":10,"column":22}},"11":{"start":{"line":12,"column":6},"end":{"line":12,"column":30}},"12":{"start":{"line":13,"column":6},"end":{"line":13,"column":45}},"13":{"start":{"line":15,"column":2},"end":{"line":15,"column":62}}},"fnMap":{"0":{"name":"(anonymous_0)","decl":{"start":{"line":1,"column":15},"end":{"line":1,"column":16}},"loc":{"start":{"line":1,"column":26},"end":{"line":16,"column":1}},"line":1}},"branchMap":{"0":{"loc":{"start":{"line":3,"column":20},"end":{"line":3,"column":70}},"type":"binary-expr","locations":[{"start":{"line":3,"column":20},"end":{"line":3,"column":64}},{"start":{"line":3,"column":68},"end":{"line":3,"column":70}}],"line":3}},"s":{"0":1,"1":1,"2":1,"3":1,"4":1,"5":1,"6":1,"7":1,"8":1,"9":1,"10":1,"11":0,"12":0,"13":1},"f":{"0":1},"b":{"0":[1,0]},"_coverageSchema":"1a1c01bbd47fc00a2c39e90264f33305004495a9","hash":"e89c0069d65a1093b2466e4a5da3a5fc53d67616"}
}
